<?xml version="1.0" encoding="UTF-8"?>
<testng-results skipped="0" failed="0" total="0" passed="0">
  <reporter-output>
  </reporter-output>
  <suite name="Al Rayan WSO2 Open Banking - User Management Webapp" duration-ms="8" started-at="2020-12-03T16:48:42Z" finished-at="2020-12-03T16:48:42Z">
    <groups>
    </groups>
    <test name="userManagementTest" duration-ms="8" started-at="2020-12-03T16:48:42Z" finished-at="2020-12-03T16:48:42Z">
    </test> <!-- userManagementTest -->
  </suite> <!-- Al Rayan WSO2 Open Banking - User Management Webapp -->
</testng-results>
