<?xml version="1.0" encoding="UTF-8"?>
<testng-results skipped="0" failed="0" total="0" passed="0">
  <reporter-output>
  </reporter-output>
  <suite name="Al Rayan WSO2 Open Banking - Al Rayan Bank Basic Auth" duration-ms="3" started-at="2020-07-28T12:36:06Z" finished-at="2020-07-28T12:36:06Z">
    <groups>
    </groups>
    <test name="basicAuthTest" duration-ms="3" started-at="2020-07-28T12:36:06Z" finished-at="2020-07-28T12:36:06Z">
    </test> <!-- basicAuthTest -->
  </suite> <!-- Al Rayan WSO2 Open Banking - Al Rayan Bank Basic Auth -->
</testng-results>
