<?xml version="1.0" encoding="UTF-8"?>
<testng-results skipped="0" failed="0" total="0" passed="0">
  <reporter-output>
  </reporter-output>
  <suite name="Al Rayan WSO2 Open Banking - Al Rayan Bank Federated Auth" duration-ms="7" started-at="2020-08-12T10:26:46Z" finished-at="2020-08-12T10:26:46Z">
    <groups>
    </groups>
    <test name="arbFederatedAuthTest" duration-ms="7" started-at="2020-08-12T10:26:46Z" finished-at="2020-08-12T10:26:46Z">
    </test> <!-- arbFederatedAuthTest -->
  </suite> <!-- Al Rayan WSO2 Open Banking - Al Rayan Bank Federated Auth -->
</testng-results>
